2478.307395623076
2993.941406633945
2863.08841979236
2706.217044201506
2370.445830624322
2839.709609083047
1869.648258662503
2152.346391868305
1810.611123688015
1560.00348693272
1669.26361054237
1610.330708377998
2278.978718256072
2869.398788745286
3759.585639542467
3889.228049808613
3027.866711598087
1989.600917229319
1849.245283993738
2235.907867035665
1987.474119440903
2320.027268371444
2637.012193774176
3086.783921620487
3130.616202457462
4064.893808726992
4223.270862894447
2784.577535239165
2467.50475271245
2697.585721751015
2350.839649363836
2564.553748484072
1872.622057855971
1922.782408130758
1639.188516334439
2016.736127871978
2546.285811853928
2437.071203259792
2270.111832653782
2764.601070848787
2764.601070848787
