160075163906.2122
164078866387.8491
172740749100.185
177207839282.5473
180460213229.4129
176962529269.6677
175062686940.3105
175015181939.5862
170046527989.529
164653705830.2673
165357102676.1643
164433059640.8612
165052346266.6674
161942232807.7462
156869748955.8085
150628857837.9017
149002604482.1562
148233929559.4108
144955927378.5321
147167874141.8141
148457883412.7438
155297047737.9055
159853527042.1467
163984900341.1475
163496933923.0215
168464967203.0679
167601307879.8926
162573757873.9714
162555619293.0846
165901350329.0717
164587417609.6011
159894258963.3897
160943028495.5723
163100268564.2788
163014137738.6975
162725849570.4093
170724573899.6884
169880522785.3526
164163913007.0909
161905893122.9472
161905893122.9472
