2050.030362145312
2236.39685574676
2236.39685574676
2271.780905390195
2478.307395623076
2703.608918903096
2894.142552752767
2993.941406633945
2993.941406633945
2993.941406633945
3280.035741369948
2901.260817491997
2863.08841979236
2863.08841979236
2863.08841979236
3067.596342227304
2390.490893941595
2706.217044201506
3006.907826890562
3006.907826890562
3006.907826890562
3006.907826890562
2370.445830624322
2683.523637729144
2981.694793820982
2981.694793820982
2981.694793820982
2839.709609083047
2370.816136933082
2370.816136933082
2370.816136933082
2370.816136933082
1869.648258662503
2039.616362893805
2039.616362893805
2146.964592519794
2044.72881610112
2152.346391868305
2152.346391868305
2017.824805577311
1780.433996413349
1810.611123688015
1810.611123688015
1724.391996389735
1724.391996389735
1521.522421624747
1456.003042929511
1560.00348693272
1560.00348693272
1560.00348693272
1502.336899147688
1502.336899147688
1669.26361054237
1669.26361054237
1451.533966840731
1476.136482679831
1476.136482679831
1610.330708377998
1533.648649662
1369.329430894309
1845.457454035457
2085.264133024931
2278.978718256072
2814.520347579916
2814.520347579916
2821.574375971068
2869.398788745286
2869.398788745286
2656.851716445886
3162.920852999247
3759.585639542467
3759.585639542467
3759.585639542467
3759.585639542467
3759.585639542467
3889.228049808613
2636.766115030709
2876.472767652035
2876.472767652035
2876.472767652035
3027.866711598087
3027.866711598087
3027.866711598087
3187.228353994516
2420.680331001086
1989.600917229319
1894.858643400182
1894.858643400182
1960.198954475791
1633.499625750781
1849.245283993738
1761.186562515762
2022.377928218303
2022.377928218303
2022.377928218303
2235.907867035665
2235.907867035665
2235.907867035665
2235.907867035665
1987.474119440903
1987.474119440903
1987.474119440903
1987.474119440903
1753.224357435719
2049.35736504351
2320.027268371444
2442.134730452098
2325.843041265028
2373.310537242487
2637.012193774176
2637.012193774176
2501.513907745319
2543.913427964734
2448.688544778672
2772.100835780088
3086.783921620487
3193.226012710743
3193.226012710743
3548.030661634048
3130.616202457462
3130.616202457462
3130.616202457462
2799.360310354807
3292.560681863134
4064.893808726992
4064.893808726992
4434.431135684306
4434.431135684306
4223.270862894447
3619.94797944126
3619.94797944126
3016.625011237975
3016.625011237975
2784.577535239165
2257.766479049603
2467.50475271245
2467.50475271245
2467.50475271245
2467.50475271245
2597.374601993886
2597.374601993886
1939.305247758121
2697.585721751015
2697.585721751015
2697.585721751015
2997.317886964684
2997.317886964684
2397.855313618176
2350.839649363836
2350.839649363836
2350.839649363836
2350.839649363836
2564.553748484072
2564.553748484072
2059.884173828465
1872.622057855971
1872.622057855971
1872.622057855971
1872.622057855971
1783.449689996549
1922.782408130758
1922.782408130758
1922.782408130758
1922.782408130758
1922.782408130758
2176.735592290886
1573.543984216572
1573.543984216572
1639.188516334439
1788.20571622712
1849.868141656193
1882.286581290564
1882.286581290564
2016.736127871978
1893.649739534535
1893.649739534535
2291.656823077379
2291.656823077379
2546.285811853928
2464.148125368627
2437.071203259792
2437.071203259792
2437.071203259792
2437.071203259792
2115.617188169612
2115.617188169612
2270.111832653782
2270.111832653782
2270.111832653782
2020.369630256844
2488.140803603861
2764.601070848787
2764.601070848787
2764.601070848787
2764.601070848787
2764.601070848787
2764.601070848787
2764.601070848787
