157728618074.6009
158316813336.2189
158316813336.2189
159671995030.6393
160075163906.2122
160689102843.4976
164921425605.0938
164078866387.8491
164078866387.8491
164078866387.8491
165110870357.2485
169405150334.6295
172740749100.185
172740749100.185
172740749100.185
170676618958.9185
173198265399.6151
177207839282.5473
178914310195.4746
178914310195.4746
178914310195.4746
178914310195.4746
180460213229.4129
181681279073.3055
180578515697.8457
180578515697.8457
180578515697.8457
176962529269.6677
177261371076.9885
177261371076.9885
177261371076.9885
177261371076.9885
175062686940.3105
175267262347.7038
175267262347.7038
174147776783.9861
176825377832.4384
175015181939.5862
175015181939.5862
172480073639.9162
171417406873.8163
170046527989.529
170046527989.529
168185043225.0563
168185043225.0563
167261021402.9712
165322445584.1578
164653705830.2673
164653705830.2673
164653705830.2673
164513515063.0451
164513515063.0451
165357102676.1643
165357102676.1643
162036978220.2178
165886505020.7899
165886505020.7899
164433059640.8612
163262204868.1391
162653559092.4729
164292304025.4275
166091404232.3076
165052346266.6674
164821713154.7758
164821713154.7758
162096212418.3193
161942232807.7462
161942232807.7462
157959433116.5168
159012703828.8732
156869748955.8085
156869748955.8085
156869748955.8085
156869748955.8085
156869748955.8085
150628857837.9017
148675174966.6991
148646988165.7288
148646988165.7288
148646988165.7288
149002604482.1562
149002604482.1562
149002604482.1562
145048655485.3691
150159282706.7961
148233929559.4108
149036691290.6589
149036691290.6589
145770439534.1201
145295829460.0981
144955927378.5321
144688590157.7809
145654701613.4922
145654701613.4922
145654701613.4922
147167874141.8141
147167874141.8141
147167874141.8141
147167874141.8141
148457883412.7438
148457883412.7438
148457883412.7438
148457883412.7438
151316721509.8295
155047076448.0326
155297047737.9055
154264089004.0987
154897608532.4859
157182723549.6531
159853527042.1467
159853527042.1467
160415380351.1037
161263115989.18
162305916223.8752
162989908797.4241
163984900341.1475
164744113106.5416
164744113106.5416
163135534114.7085
164933049093.199
163496933923.0215
163496933923.0215
164865896887.682
165873424619.8129
168464967203.0679
168464967203.0679
168357615927.1755
168357615927.1755
167601307879.8926
164586880590.7849
164586880590.7849
165936733663.5616
165936733663.5616
162573757873.9714
162763547521.5604
162555619293.0846
162555619293.0846
162555619293.0846
162555619293.0846
163183914927.8489
163183914927.8489
160762730310.8781
165901350329.0717
165901350329.0717
165901350329.0717
162381612060.9402
162381612060.9402
159727897357.0847
164587417609.6011
164587417609.6011
164587417609.6011
164587417609.6011
159894258963.3897
159894258963.3897
162431355361.0021
160943028495.5723
160943028495.5723
160943028495.5723
160943028495.5723
161115547029.7923
163100268564.2788
163100268564.2788
163100268564.2788
163100268564.2788
163100268564.2788
159891222979.7891
161228123437.9391
161228123437.9391
163014137738.6975
165111791585.6096
165233546755.2751
164485673037.2063
164485673037.2063
162725849570.4093
166272102810.3966
166272102810.3966
171227657929.1214
171227657929.1214
170724573899.6884
168952890384.0733
169880522785.3526
169880522785.3526
169880522785.3526
169880522785.3526
166022214044.9424
166022214044.9424
164163913007.0909
164163913007.0909
164163913007.0909
159595460438.9564
161284665227.9468
161905893122.9472
161905893122.9472
161905893122.9472
161905893122.9472
161905893122.9472
161905893122.9472
161905893122.9472
